<?xml version="1.0" encoding="UTF-8"?>
<testsuite xmlns:xsi="http://www.w3.org/2001/XMLSchema-instance" xsi:noNamespaceSchemaLocation="https://maven.apache.org/surefire/maven-surefire-plugin/xsd/surefire-test-report-3.0.xsd" version="3.0" name="com.alvarosaray.Servicio.OperacionCrudTest" time="0.048" tests="13" errors="0" skipped="0" failures="0">
  <properties>
[...]
</properties>
  <testcase name="testModificar_noEncontrado" classname="com.alvarosaray.Servicio.OperacionCrudTest" time="0.002"/>
  <testcase name="testIniciarSesion_correcto" classname="com.alvarosaray.Servicio.OperacionCrudTest" time="0.002"/>
  <testcase name="testListarUno_noEncontrado" classname="com.alvarosaray.Servicio.OperacionCrudTest" time="0.002"/>
  <testcase name="testIniciarSesion_contrasenaIncorrecta" classname="com.alvarosaray.Servicio.OperacionCrudTest" time="0.002"/>
  <testcase name="testEliminar_exitoso" classname="com.alvarosaray.Servicio.OperacionCrudTest" time="0.001"/>
  <testcase name="testModificar_exitoso" classname="com.alvarosaray.Servicio.OperacionCrudTest" time="0.002"/>
  <testcase name="testListarTodos_listaVacia" classname="com.alvarosaray.Servicio.OperacionCrudTest" time="0.002"/>
  <testcase name="testListarUno_encontrado" classname="com.alvarosaray.Servicio.OperacionCrudTest" time="0.002"/>
  <testcase name="testIniciarSesion_correoIncorrecto" classname="com.alvarosaray.Servicio.OperacionCrudTest" time="0.002"/>
  <testcase name="testEliminar_noEncontrado" classname="com.alvarosaray.Servicio.OperacionCrudTest" time="0.002"/>
  <testcase name="testCrear_agregaFertilizante" classname="com.alvarosaray.Servicio.OperacionCrudTest" time="0.007"/>
  <testcase name="testCrear_retornaMensajeExito" classname="com.alvarosaray.Servicio.OperacionCrudTest" time="0.001"/>
  <testcase name="testListarTodos_conFertilizante" classname="com.alvarosaray.Servicio.OperacionCrudTest" time="0.001"/>
</testsuite>